c:\users\fahad\source\repos\openglrenderer\openglrenderer\debug\openglrenderer.pch
c:\users\fahad\source\repos\openglrenderer\openglrenderer\debug\vc142.pdb
c:\users\fahad\source\repos\openglrenderer\openglrenderer\debug\vc142.idb
c:\users\fahad\source\repos\openglrenderer\openglrenderer\debug\pch.obj
c:\users\fahad\source\repos\openglrenderer\openglrenderer\debug\uicontext.obj
c:\users\fahad\source\repos\openglrenderer\openglrenderer\debug\openglcontext.obj
c:\users\fahad\source\repos\openglrenderer\openglrenderer\debug\glwindow.obj
c:\users\fahad\source\repos\openglrenderer\openglrenderer\debug\sceneview.obj
c:\users\fahad\source\repos\openglrenderer\openglrenderer\debug\propertypanel.obj
c:\users\fahad\source\repos\openglrenderer\openglrenderer\debug\texture2d.obj
c:\users\fahad\source\repos\openglrenderer\openglrenderer\debug\shader.obj
c:\users\fahad\source\repos\openglrenderer\openglrenderer\debug\main.obj
c:\users\fahad\source\repos\openglrenderer\openglrenderer\debug\input.obj
c:\users\fahad\source\repos\openglrenderer\openglrenderer\debug\errorhandler.obj
c:\users\fahad\source\repos\openglrenderer\openglrenderer\debug\camera.obj
c:\users\fahad\source\repos\openglrenderer\openglrenderer\debug\vertexbuffer.obj
c:\users\fahad\source\repos\openglrenderer\openglrenderer\debug\vertexarray.obj
c:\users\fahad\source\repos\openglrenderer\openglrenderer\debug\indexbuffer.obj
c:\users\fahad\source\repos\openglrenderer\openglrenderer\debug\framebuffer.obj
c:\users\fahad\source\repos\openglrenderer\openglrenderer\debug\application.obj
c:\users\fahad\source\repos\openglrenderer\openglrenderer\debug\stb_image.obj
c:\users\fahad\source\repos\openglrenderer\openglrenderer\debug\mesh.obj
c:\users\fahad\source\repos\openglrenderer\openglrenderer\debug\imgui_widgets.obj
c:\users\fahad\source\repos\openglrenderer\openglrenderer\debug\imgui_tables.obj
c:\users\fahad\source\repos\openglrenderer\openglrenderer\debug\imgui_impl_opengl3.obj
c:\users\fahad\source\repos\openglrenderer\openglrenderer\debug\imgui_impl_glfw.obj
c:\users\fahad\source\repos\openglrenderer\openglrenderer\debug\imgui_draw.obj
c:\users\fahad\source\repos\openglrenderer\openglrenderer\debug\imgui_demo.obj
c:\users\fahad\source\repos\openglrenderer\openglrenderer\debug\imgui.obj
c:\users\fahad\source\repos\openglrenderer\openglrenderer\debug\glad.obj
c:\users\fahad\source\repos\openglrenderer\debug\openglrenderer.exe
c:\users\fahad\source\repos\openglrenderer\debug\openglrenderer.ilk
c:\users\fahad\source\repos\openglrenderer\debug\openglrenderer.pdb
c:\users\fahad\source\repos\openglrenderer\openglrenderer\debug\openglrenderer.tlog\cl.command.1.tlog
c:\users\fahad\source\repos\openglrenderer\openglrenderer\debug\openglrenderer.tlog\cl.read.1.tlog
c:\users\fahad\source\repos\openglrenderer\openglrenderer\debug\openglrenderer.tlog\cl.write.1.tlog
c:\users\fahad\source\repos\openglrenderer\openglrenderer\debug\openglrenderer.tlog\link.command.1.tlog
c:\users\fahad\source\repos\openglrenderer\openglrenderer\debug\openglrenderer.tlog\link.read.1.tlog
c:\users\fahad\source\repos\openglrenderer\openglrenderer\debug\openglrenderer.tlog\link.write.1.tlog
