  pch.cpp
  Material.cpp
  Mesh.cpp
C:\Users\fahad\source\repos\OpenGLRenderer\OpenGLRenderer\src\elems\Mesh.cpp(93,27): warning C4018: '<': signed/unsigned mismatch
C:\Users\fahad\source\repos\OpenGLRenderer\OpenGLRenderer\src\elems\Mesh.cpp(97,31): warning C4018: '<': signed/unsigned mismatch
  stb_image.cpp
  Application.cpp
  FrameBuffer.cpp
  IndexBuffer.cpp
  VertexArray.cpp
  VertexBuffer.cpp
  Camera.cpp
C:\Users\fahad\source\repos\OpenGLRenderer\OpenGLRenderer\src\Input.h(38,2): warning C4091: 'static ': ignored on left of 'Input' when no variable is declared
  ErrorHandler.cpp
  Input.cpp
C:\Users\fahad\source\repos\OpenGLRenderer\OpenGLRenderer\src\Input.h(38,2): warning C4091: 'static ': ignored on left of 'Input' when no variable is declared
  Main.cpp
  Shader.cpp
  Texture2D.cpp
  PropertyPanel.cpp
  SceneView.cpp
  GLWindow.cpp
C:\Users\fahad\source\repos\OpenGLRenderer\OpenGLRenderer\src\Input.h(38,2): warning C4091: 'static ': ignored on left of 'Input' when no variable is declared
  OpenGLContext.cpp
  UIContext.cpp
  imgui.cpp
  imgui_demo.cpp
  imgui_draw.cpp
  imgui_impl_glfw.cpp
  imgui_impl_opengl3.cpp
  imgui_tables.cpp
  imgui_widgets.cpp
  glad.c
  Generating code
  Previous IPDB not found, fall back to full compilation.
  All 2706 functions were compiled because no usable IPDB/IOBJ from previous compilation was found.
  Finished generating code
  OpenGLRenderer.vcxproj -> C:\Users\fahad\source\repos\OpenGLRenderer\Release\OpenGLRenderer.exe
